<?xml version="1.0" encoding="UTF-8"?>
<!-- Generated by org.testng.reporters.JUnitReportReporter -->
<testsuite hostname="Lenovo-PC" name="springmvc.model.dao.UserDaoTest" tests="1" failures="0" timestamp="16 Feb 2016 06:25:46 GMT" time="0.731" errors="0">
  <testcase name="getDepartments" time="0.731" classname="springmvc.model.dao.UserDaoTest"/>
</testsuite> <!-- springmvc.model.dao.UserDaoTest -->
