<?xml version="1.0" encoding="UTF-8"?>
<!-- Generated by org.testng.reporters.JUnitReportReporter -->
<testsuite hostname="Lenovo-PC" name="springmvc.model.dao.ApplicationDaoTest" tests="1" failures="0" timestamp="16 Feb 2016 06:26:52 GMT" time="0.781" errors="0">
  <testcase name="getappls" time="0.781" classname="springmvc.model.dao.ApplicationDaoTest"/>
</testsuite> <!-- springmvc.model.dao.ApplicationDaoTest -->
