<?xml version="1.0" encoding="UTF-8"?>
<!-- Generated by org.testng.reporters.JUnitReportReporter -->
<testsuite hostname="Lenovo-PC" name="springmvc.model.dao.UserDaoTest" tests="1" failures="0" timestamp="8 Mar 2016 07:38:40 GMT" time="0.173" errors="0">
  <testcase name="getDepartments" time="0.173" classname="springmvc.model.dao.UserDaoTest"/>
</testsuite> <!-- springmvc.model.dao.UserDaoTest -->
